{"/home/marcelheinrich/lets-customer-register/src/domain/enums/customer.enum.ts": {"path":"/home/marcelheinrich/lets-customer-register/src/domain/enums/customer.enum.ts","statementMap":{"0":{"start":{"line":1,"column":0},"end":{"line":1,"column":null}},"1":{"start":{"line":2,"column":2},"end":{"line":2,"column":null}},"2":{"start":{"line":3,"column":2},"end":{"line":3,"column":null}}},"fnMap":{"0":{"name":"(anonymous_0)","decl":{"start":{"line":1,"column":0},"end":{"line":1,"column":12}},"loc":{"start":{"line":1,"column":26},"end":{"line":4,"column":1}}}},"branchMap":{"0":{"loc":{"start":{"line":1,"column":12},"end":{"line":1,"column":null}},"type":"binary-expr","locations":[{"start":{"line":1,"column":12},"end":{"line":1,"column":26}},{"start":{"line":1,"column":26},"end":{"line":1,"column":null}}]}},"s":{"0":5,"1":5,"2":5},"f":{"0":5},"b":{"0":[5,5]}}
,"/home/marcelheinrich/lets-customer-register/src/domain/enums/http.enum.ts": {"path":"/home/marcelheinrich/lets-customer-register/src/domain/enums/http.enum.ts","statementMap":{"0":{"start":{"line":1,"column":0},"end":{"line":1,"column":null}},"1":{"start":{"line":2,"column":2},"end":{"line":2,"column":null}},"2":{"start":{"line":3,"column":2},"end":{"line":3,"column":null}},"3":{"start":{"line":4,"column":2},"end":{"line":4,"column":null}},"4":{"start":{"line":5,"column":2},"end":{"line":5,"column":null}},"5":{"start":{"line":6,"column":2},"end":{"line":6,"column":null}},"6":{"start":{"line":7,"column":2},"end":{"line":7,"column":null}}},"fnMap":{"0":{"name":"(anonymous_0)","decl":{"start":{"line":1,"column":0},"end":{"line":1,"column":12}},"loc":{"start":{"line":1,"column":26},"end":{"line":8,"column":1}}}},"branchMap":{"0":{"loc":{"start":{"line":1,"column":12},"end":{"line":1,"column":null}},"type":"binary-expr","locations":[{"start":{"line":1,"column":12},"end":{"line":1,"column":26}},{"start":{"line":1,"column":26},"end":{"line":1,"column":null}}]}},"s":{"0":4,"1":4,"2":4,"3":4,"4":4,"5":4,"6":4},"f":{"0":4},"b":{"0":[4,4]}}
,"/home/marcelheinrich/lets-customer-register/src/domain/services/customer.service.ts": {"path":"/home/marcelheinrich/lets-customer-register/src/domain/services/customer.service.ts","statementMap":{"0":{"start":{"line":13,"column":31},"end":{"line":13,"column":69}},"1":{"start":{"line":18,"column":4},"end":{"line":18,"column":46}},"2":{"start":{"line":20,"column":4},"end":{"line":34,"column":5}},"3":{"start":{"line":21,"column":21},"end":{"line":21,"column":71}},"4":{"start":{"line":23,"column":6},"end":{"line":23,"column":61}},"5":{"start":{"line":23,"column":18},"end":{"line":23,"column":61}},"6":{"start":{"line":25,"column":23},"end":{"line":25,"column":67}},"7":{"start":{"line":27,"column":6},"end":{"line":27,"column":66}},"8":{"start":{"line":29,"column":6},"end":{"line":29,"column":50}},"9":{"start":{"line":31,"column":6},"end":{"line":31,"column":70}},"10":{"start":{"line":33,"column":6},"end":{"line":33,"column":18}},"11":{"start":{"line":38,"column":4},"end":{"line":38,"column":42}},"12":{"start":{"line":40,"column":4},"end":{"line":50,"column":5}},"13":{"start":{"line":41,"column":24},"end":{"line":41,"column":66}},"14":{"start":{"line":43,"column":6},"end":{"line":43,"column":55}},"15":{"start":{"line":45,"column":6},"end":{"line":45,"column":23}},"16":{"start":{"line":47,"column":6},"end":{"line":47,"column":66}},"17":{"start":{"line":49,"column":6},"end":{"line":49,"column":18}},"18":{"start":{"line":54,"column":4},"end":{"line":54,"column":41}},"19":{"start":{"line":56,"column":4},"end":{"line":66,"column":5}},"20":{"start":{"line":57,"column":23},"end":{"line":57,"column":60}},"21":{"start":{"line":59,"column":6},"end":{"line":59,"column":54}},"22":{"start":{"line":61,"column":6},"end":{"line":61,"column":22}},"23":{"start":{"line":63,"column":6},"end":{"line":63,"column":65}},"24":{"start":{"line":65,"column":6},"end":{"line":65,"column":18}},"25":{"start":{"line":70,"column":4},"end":{"line":70,"column":44}},"26":{"start":{"line":72,"column":4},"end":{"line":82,"column":5}},"27":{"start":{"line":73,"column":23},"end":{"line":73,"column":67}},"28":{"start":{"line":75,"column":6},"end":{"line":75,"column":57}},"29":{"start":{"line":77,"column":6},"end":{"line":77,"column":22}},"30":{"start":{"line":79,"column":6},"end":{"line":79,"column":68}},"31":{"start":{"line":81,"column":6},"end":{"line":81,"column":18}},"32":{"start":{"line":86,"column":4},"end":{"line":86,"column":44}},"33":{"start":{"line":88,"column":4},"end":{"line":96,"column":5}},"34":{"start":{"line":89,"column":6},"end":{"line":89,"column":47}},"35":{"start":{"line":91,"column":6},"end":{"line":91,"column":57}},"36":{"start":{"line":93,"column":6},"end":{"line":93,"column":68}},"37":{"start":{"line":95,"column":6},"end":{"line":95,"column":18}},"38":{"start":{"line":12,"column":0},"end":{"line":12,"column":13}}},"fnMap":{"0":{"name":"(anonymous_0)","decl":{"start":{"line":13,"column":2},"end":{"line":13,"column":31}},"loc":{"start":{"line":13,"column":69},"end":{"line":13,"column":73}}},"1":{"name":"(anonymous_1)","decl":{"start":{"line":15,"column":2},"end":{"line":15,"column":7}},"loc":{"start":{"line":16,"column":32},"end":{"line":35,"column":3}}},"2":{"name":"(anonymous_2)","decl":{"start":{"line":37,"column":2},"end":{"line":37,"column":7}},"loc":{"start":{"line":37,"column":40},"end":{"line":51,"column":3}}},"3":{"name":"(anonymous_3)","decl":{"start":{"line":53,"column":2},"end":{"line":53,"column":7}},"loc":{"start":{"line":53,"column":22},"end":{"line":67,"column":3}}},"4":{"name":"(anonymous_4)","decl":{"start":{"line":69,"column":2},"end":{"line":69,"column":7}},"loc":{"start":{"line":69,"column":43},"end":{"line":83,"column":3}}},"5":{"name":"(anonymous_5)","decl":{"start":{"line":85,"column":2},"end":{"line":85,"column":7}},"loc":{"start":{"line":85,"column":25},"end":{"line":97,"column":3}}}},"branchMap":{"0":{"loc":{"start":{"line":23,"column":6},"end":{"line":23,"column":61}},"type":"if","locations":[{"start":{"line":23,"column":6},"end":{"line":23,"column":61}}]},"1":{"loc":{"start":{"line":29,"column":23},"end":{"line":29,"column":47}},"type":"cond-expr","locations":[{"start":{"line":29,"column":39},"end":{"line":29,"column":43}},{"start":{"line":29,"column":43},"end":{"line":29,"column":47}}]},"2":{"loc":{"start":{"line":29,"column":23},"end":{"line":29,"column":43}},"type":"binary-expr","locations":[{"start":{"line":29,"column":23},"end":{"line":29,"column":43}},{"start":{"line":29,"column":39},"end":{"line":29,"column":43}}]},"3":{"loc":{"start":{"line":29,"column":23},"end":{"line":29,"column":39}},"type":"cond-expr","locations":[{"start":{"line":29,"column":31},"end":{"line":29,"column":33}},{"start":{"line":29,"column":23},"end":{"line":29,"column":39}}]},"4":{"loc":{"start":{"line":29,"column":23},"end":{"line":29,"column":33}},"type":"binary-expr","locations":[{"start":{"line":29,"column":23},"end":{"line":29,"column":33}},{"start":{"line":29,"column":23},"end":{"line":29,"column":33}}]}},"s":{"0":12,"1":4,"2":4,"3":4,"4":4,"5":1,"6":3,"7":2,"8":2,"9":2,"10":2,"11":2,"12":2,"13":2,"14":1,"15":1,"16":1,"17":1,"18":2,"19":2,"20":2,"21":1,"22":1,"23":1,"24":1,"25":2,"26":2,"27":2,"28":1,"29":1,"30":1,"31":1,"32":2,"33":2,"34":2,"35":1,"36":1,"37":1,"38":1},"f":{"0":12,"1":4,"2":2,"3":2,"4":2,"5":2},"b":{"0":[1],"1":[1,1],"2":[2,2],"3":[1,1],"4":[2,1]}}
,"/home/marcelheinrich/lets-customer-register/src/handlers/create.ts": {"path":"/home/marcelheinrich/lets-customer-register/src/handlers/create.ts","statementMap":{"0":{"start":{"line":1,"column":0},"end":{"line":1,"column":59}},"1":{"start":{"line":6,"column":0},"end":{"line":6,"column":54}},"2":{"start":{"line":9,"column":31},"end":{"line":9,"column":55}},"3":{"start":{"line":12,"column":4},"end":{"line":12,"column":57}},"4":{"start":{"line":14,"column":4},"end":{"line":38,"column":5}},"5":{"start":{"line":15,"column":30},"end":{"line":15,"column":65}},"6":{"start":{"line":17,"column":6},"end":{"line":17,"column":70}},"7":{"start":{"line":19,"column":6},"end":{"line":24,"column":7}},"8":{"start":{"line":20,"column":8},"end":{"line":23,"column":10}},"9":{"start":{"line":26,"column":23},"end":{"line":26,"column":76}},"10":{"start":{"line":28,"column":6},"end":{"line":28,"column":35}},"11":{"start":{"line":30,"column":6},"end":{"line":30,"column":22}},"12":{"start":{"line":32,"column":6},"end":{"line":35,"column":8}},"13":{"start":{"line":37,"column":6},"end":{"line":37,"column":61}},"14":{"start":{"line":8,"column":0},"end":{"line":8,"column":13}}},"fnMap":{"0":{"name":"(anonymous_0)","decl":{"start":{"line":9,"column":2},"end":{"line":9,"column":31}},"loc":{"start":{"line":9,"column":55},"end":{"line":9,"column":59}}},"1":{"name":"(anonymous_1)","decl":{"start":{"line":11,"column":9},"end":{"line":11,"column":14}},"loc":{"start":{"line":11,"column":51},"end":{"line":39,"column":3}}}},"branchMap":{"0":{"loc":{"start":{"line":19,"column":6},"end":{"line":24,"column":7}},"type":"if","locations":[{"start":{"line":19,"column":6},"end":{"line":24,"column":7}}]}},"s":{"0":1,"1":1,"2":3,"3":3,"4":3,"5":3,"6":2,"7":2,"8":1,"9":1,"10":1,"11":1,"12":1,"13":1,"14":1},"f":{"0":3,"1":3},"b":{"0":[1]}}
,"/home/marcelheinrich/lets-customer-register/src/handlers/delete.ts": {"path":"/home/marcelheinrich/lets-customer-register/src/handlers/delete.ts","statementMap":{"0":{"start":{"line":1,"column":0},"end":{"line":1,"column":59}},"1":{"start":{"line":3,"column":0},"end":{"line":3,"column":54}},"2":{"start":{"line":6,"column":31},"end":{"line":6,"column":55}},"3":{"start":{"line":9,"column":4},"end":{"line":9,"column":51}},"4":{"start":{"line":11,"column":4},"end":{"line":24,"column":5}},"5":{"start":{"line":12,"column":6},"end":{"line":12,"column":44}},"6":{"start":{"line":14,"column":6},"end":{"line":14,"column":64}},"7":{"start":{"line":16,"column":6},"end":{"line":19,"column":8}},"8":{"start":{"line":21,"column":6},"end":{"line":21,"column":75}},"9":{"start":{"line":23,"column":6},"end":{"line":23,"column":61}},"10":{"start":{"line":5,"column":0},"end":{"line":5,"column":13}}},"fnMap":{"0":{"name":"(anonymous_0)","decl":{"start":{"line":6,"column":2},"end":{"line":6,"column":31}},"loc":{"start":{"line":6,"column":55},"end":{"line":6,"column":59}}},"1":{"name":"(anonymous_1)","decl":{"start":{"line":8,"column":2},"end":{"line":8,"column":7}},"loc":{"start":{"line":8,"column":34},"end":{"line":25,"column":3}}}},"branchMap":{},"s":{"0":1,"1":1,"2":2,"3":2,"4":2,"5":2,"6":1,"7":1,"8":1,"9":1,"10":1},"f":{"0":2,"1":2},"b":{}}
,"/home/marcelheinrich/lets-customer-register/src/handlers/list.ts": {"path":"/home/marcelheinrich/lets-customer-register/src/handlers/list.ts","statementMap":{"0":{"start":{"line":1,"column":0},"end":{"line":1,"column":59}},"1":{"start":{"line":2,"column":0},"end":{"line":2,"column":54}},"2":{"start":{"line":9,"column":31},"end":{"line":9,"column":55}},"3":{"start":{"line":12,"column":4},"end":{"line":14,"column":5}},"4":{"start":{"line":13,"column":6},"end":{"line":13,"column":73}},"5":{"start":{"line":16,"column":4},"end":{"line":37,"column":5}},"6":{"start":{"line":17,"column":24},"end":{"line":17,"column":55}},"7":{"start":{"line":19,"column":6},"end":{"line":19,"column":63}},"8":{"start":{"line":21,"column":6},"end":{"line":26,"column":7}},"9":{"start":{"line":22,"column":8},"end":{"line":25,"column":10}},"10":{"start":{"line":28,"column":23},"end":{"line":28,"column":65}},"11":{"start":{"line":30,"column":6},"end":{"line":30,"column":28}},"12":{"start":{"line":32,"column":6},"end":{"line":32,"column":22}},"13":{"start":{"line":34,"column":6},"end":{"line":34,"column":74}},"14":{"start":{"line":36,"column":6},"end":{"line":36,"column":61}},"15":{"start":{"line":8,"column":0},"end":{"line":8,"column":13}}},"fnMap":{"0":{"name":"(anonymous_0)","decl":{"start":{"line":9,"column":2},"end":{"line":9,"column":31}},"loc":{"start":{"line":9,"column":55},"end":{"line":9,"column":59}}},"1":{"name":"(anonymous_1)","decl":{"start":{"line":11,"column":2},"end":{"line":11,"column":7}},"loc":{"start":{"line":11,"column":43},"end":{"line":38,"column":3}}}},"branchMap":{"0":{"loc":{"start":{"line":12,"column":4},"end":{"line":14,"column":5}},"type":"if","locations":[{"start":{"line":12,"column":4},"end":{"line":14,"column":5}}]},"1":{"loc":{"start":{"line":13,"column":19},"end":{"line":13,"column":72}},"type":"cond-expr","locations":[{"start":{"line":13,"column":47},"end":{"line":13,"column":57}},{"start":{"line":13,"column":60},"end":{"line":13,"column":72}}]},"2":{"loc":{"start":{"line":21,"column":6},"end":{"line":26,"column":7}},"type":"if","locations":[{"start":{"line":21,"column":6},"end":{"line":26,"column":7}}]}},"s":{"0":1,"1":1,"2":4,"3":4,"4":4,"5":4,"6":4,"7":4,"8":4,"9":1,"10":2,"11":2,"12":2,"13":1,"14":1,"15":1},"f":{"0":4,"1":4},"b":{"0":[4],"1":[3,1],"2":[1]}}
,"/home/marcelheinrich/lets-customer-register/src/handlers/update.ts": {"path":"/home/marcelheinrich/lets-customer-register/src/handlers/update.ts","statementMap":{"0":{"start":{"line":1,"column":0},"end":{"line":1,"column":59}},"1":{"start":{"line":6,"column":0},"end":{"line":6,"column":54}},"2":{"start":{"line":9,"column":31},"end":{"line":9,"column":55}},"3":{"start":{"line":12,"column":4},"end":{"line":12,"column":51}},"4":{"start":{"line":14,"column":4},"end":{"line":31,"column":5}},"5":{"start":{"line":15,"column":30},"end":{"line":15,"column":63}},"6":{"start":{"line":17,"column":6},"end":{"line":17,"column":64}},"7":{"start":{"line":19,"column":6},"end":{"line":24,"column":7}},"8":{"start":{"line":20,"column":8},"end":{"line":23,"column":10}},"9":{"start":{"line":26,"column":6},"end":{"line":26,"column":62}},"10":{"start":{"line":28,"column":6},"end":{"line":28,"column":75}},"11":{"start":{"line":30,"column":6},"end":{"line":30,"column":61}},"12":{"start":{"line":8,"column":0},"end":{"line":8,"column":13}}},"fnMap":{"0":{"name":"(anonymous_0)","decl":{"start":{"line":9,"column":2},"end":{"line":9,"column":31}},"loc":{"start":{"line":9,"column":55},"end":{"line":9,"column":59}}},"1":{"name":"(anonymous_1)","decl":{"start":{"line":11,"column":2},"end":{"line":11,"column":7}},"loc":{"start":{"line":11,"column":44},"end":{"line":32,"column":3}}}},"branchMap":{"0":{"loc":{"start":{"line":19,"column":6},"end":{"line":24,"column":7}},"type":"if","locations":[{"start":{"line":19,"column":6},"end":{"line":24,"column":7}}]}},"s":{"0":1,"1":1,"2":3,"3":3,"4":3,"5":3,"6":2,"7":2,"8":1,"9":1,"10":1,"11":1,"12":1},"f":{"0":3,"1":3},"b":{"0":[1]}}
,"/home/marcelheinrich/lets-customer-register/src/infra/dynamo-customer-repository.ts": {"path":"/home/marcelheinrich/lets-customer-register/src/infra/dynamo-customer-repository.ts","statementMap":{"0":{"start":{"line":1,"column":0},"end":{"line":1,"column":null}},"1":{"start":{"line":22,"column":0},"end":{"line":22,"column":62}},"2":{"start":{"line":23,"column":0},"end":{"line":23,"column":36}},"3":{"start":{"line":28,"column":31},"end":{"line":28,"column":53}},"4":{"start":{"line":29,"column":4},"end":{"line":29,"column":68}},"5":{"start":{"line":33,"column":67},"end":{"line":33,"column":73}},"6":{"start":{"line":35,"column":40},"end":{"line":35,"column":42}},"7":{"start":{"line":36,"column":61},"end":{"line":36,"column":63}},"8":{"start":{"line":37,"column":70},"end":{"line":37,"column":72}},"9":{"start":{"line":39,"column":4},"end":{"line":43,"column":5}},"10":{"start":{"line":40,"column":6},"end":{"line":40,"column":54}},"11":{"start":{"line":41,"column":6},"end":{"line":41,"column":57}},"12":{"start":{"line":42,"column":6},"end":{"line":42,"column":63}},"13":{"start":{"line":45,"column":4},"end":{"line":49,"column":5}},"14":{"start":{"line":46,"column":6},"end":{"line":46,"column":50}},"15":{"start":{"line":47,"column":6},"end":{"line":47,"column":53}},"16":{"start":{"line":48,"column":6},"end":{"line":48,"column":59}},"17":{"start":{"line":51,"column":4},"end":{"line":59,"column":5}},"18":{"start":{"line":52,"column":6},"end":{"line":54,"column":8}},"19":{"start":{"line":53,"column":37},"end":{"line":53,"column":46}},"20":{"start":{"line":55,"column":6},"end":{"line":55,"column":45}},"21":{"start":{"line":56,"column":6},"end":{"line":58,"column":9}},"22":{"start":{"line":57,"column":8},"end":{"line":57,"column":57}},"23":{"start":{"line":61,"column":4},"end":{"line":68,"column":5}},"24":{"start":{"line":62,"column":6},"end":{"line":64,"column":8}},"25":{"start":{"line":65,"column":6},"end":{"line":65,"column":57}},"26":{"start":{"line":66,"column":6},"end":{"line":66,"column":57}},"27":{"start":{"line":67,"column":6},"end":{"line":67,"column":59}},"28":{"start":{"line":70,"column":4},"end":{"line":77,"column":5}},"29":{"start":{"line":71,"column":6},"end":{"line":76,"column":9}},"30":{"start":{"line":72,"column":27},"end":{"line":72,"column":45}},"31":{"start":{"line":73,"column":8},"end":{"line":73,"column":70}},"32":{"start":{"line":74,"column":8},"end":{"line":74,"column":61}},"33":{"start":{"line":75,"column":8},"end":{"line":75,"column":79}},"34":{"start":{"line":79,"column":4},"end":{"line":83,"column":5}},"35":{"start":{"line":80,"column":6},"end":{"line":80,"column":54}},"36":{"start":{"line":81,"column":6},"end":{"line":81,"column":57}},"37":{"start":{"line":82,"column":6},"end":{"line":82,"column":63}},"38":{"start":{"line":86,"column":6},"end":{"line":88,"column":19}},"39":{"start":{"line":90,"column":20},"end":{"line":101,"column":6}},"40":{"start":{"line":103,"column":19},"end":{"line":103,"column":50}},"41":{"start":{"line":105,"column":4},"end":{"line":105,"column":41}},"42":{"start":{"line":105,"column":31},"end":{"line":105,"column":41}},"43":{"start":{"line":107,"column":22},"end":{"line":109,"column":6}},"44":{"start":{"line":108,"column":6},"end":{"line":108,"column":44}},"45":{"start":{"line":111,"column":4},"end":{"line":111,"column":21}},"46":{"start":{"line":115,"column":20},"end":{"line":120,"column":6}},"47":{"start":{"line":122,"column":19},"end":{"line":122,"column":50}},"48":{"start":{"line":124,"column":4},"end":{"line":126,"column":5}},"49":{"start":{"line":125,"column":6},"end":{"line":125,"column":18}},"50":{"start":{"line":128,"column":21},"end":{"line":128,"column":32}},"51":{"start":{"line":129,"column":4},"end":{"line":129,"column":46}},"52":{"start":{"line":133,"column":20},"end":{"line":143,"column":6}},"53":{"start":{"line":145,"column":19},"end":{"line":145,"column":50}},"54":{"start":{"line":147,"column":4},"end":{"line":149,"column":5}},"55":{"start":{"line":148,"column":6},"end":{"line":148,"column":18}},"56":{"start":{"line":151,"column":21},"end":{"line":151,"column":36}},"57":{"start":{"line":152,"column":4},"end":{"line":152,"column":46}},"58":{"start":{"line":156,"column":4},"end":{"line":156,"column":54}},"59":{"start":{"line":158,"column":16},"end":{"line":158,"column":40}},"60":{"start":{"line":159,"column":15},"end":{"line":159,"column":38}},"61":{"start":{"line":161,"column":4},"end":{"line":166,"column":7}},"62":{"start":{"line":168,"column":19},"end":{"line":172,"column":6}},"63":{"start":{"line":174,"column":20},"end":{"line":174,"column":46}},"64":{"start":{"line":176,"column":19},"end":{"line":176,"column":50}},"65":{"start":{"line":178,"column":4},"end":{"line":178,"column":65}},"66":{"start":{"line":180,"column":4},"end":{"line":182,"column":5}},"67":{"start":{"line":181,"column":6},"end":{"line":181,"column":55}},"68":{"start":{"line":184,"column":4},"end":{"line":184,"column":16}},"69":{"start":{"line":188,"column":4},"end":{"line":188,"column":54}},"70":{"start":{"line":190,"column":16},"end":{"line":190,"column":40}},"71":{"start":{"line":192,"column":19},"end":{"line":207,"column":6}},"72":{"start":{"line":209,"column":20},"end":{"line":209,"column":49}},"73":{"start":{"line":211,"column":19},"end":{"line":211,"column":50}},"74":{"start":{"line":213,"column":4},"end":{"line":213,"column":65}},"75":{"start":{"line":215,"column":4},"end":{"line":217,"column":5}},"76":{"start":{"line":216,"column":6},"end":{"line":216,"column":55}},"77":{"start":{"line":219,"column":4},"end":{"line":219,"column":16}},"78":{"start":{"line":223,"column":4},"end":{"line":223,"column":54}},"79":{"start":{"line":225,"column":20},"end":{"line":235,"column":6}},"80":{"start":{"line":237,"column":4},"end":{"line":237,"column":36}},"81":{"start":{"line":239,"column":4},"end":{"line":239,"column":65}},"82":{"start":{"line":243,"column":22},"end":{"line":245,"column":19}},"83":{"start":{"line":244,"column":6},"end":{"line":244,"column":52}},"84":{"start":{"line":247,"column":21},"end":{"line":249,"column":20}},"85":{"start":{"line":248,"column":6},"end":{"line":248,"column":52}},"86":{"start":{"line":251,"column":4},"end":{"line":260,"column":6}},"87":{"start":{"line":25,"column":0},"end":{"line":25,"column":13}}},"fnMap":{"0":{"name":"(anonymous_0)","decl":{"start":{"line":28,"column":2},"end":{"line":28,"column":31}},"loc":{"start":{"line":28,"column":53},"end":{"line":30,"column":3}}},"1":{"name":"(anonymous_1)","decl":{"start":{"line":32,"column":2},"end":{"line":32,"column":7}},"loc":{"start":{"line":32,"column":40},"end":{"line":112,"column":3}}},"2":{"name":"(anonymous_2)","decl":{"start":{"line":53,"column":27},"end":{"line":53,"column":28}},"loc":{"start":{"line":53,"column":37},"end":{"line":53,"column":46}}},"3":{"name":"(anonymous_3)","decl":{"start":{"line":56,"column":18},"end":{"line":56,"column":19}},"loc":{"start":{"line":56,"column":28},"end":{"line":58,"column":7}}},"4":{"name":"(anonymous_4)","decl":{"start":{"line":71,"column":24},"end":{"line":71,"column":25}},"loc":{"start":{"line":71,"column":43},"end":{"line":76,"column":7}}},"5":{"name":"(anonymous_5)","decl":{"start":{"line":107,"column":39},"end":{"line":107,"column":40}},"loc":{"start":{"line":107,"column":48},"end":{"line":109,"column":5}}},"6":{"name":"(anonymous_6)","decl":{"start":{"line":114,"column":2},"end":{"line":114,"column":7}},"loc":{"start":{"line":114,"column":22},"end":{"line":130,"column":3}}},"7":{"name":"(anonymous_7)","decl":{"start":{"line":132,"column":2},"end":{"line":132,"column":7}},"loc":{"start":{"line":132,"column":38},"end":{"line":153,"column":3}}},"8":{"name":"(anonymous_8)","decl":{"start":{"line":155,"column":2},"end":{"line":155,"column":7}},"loc":{"start":{"line":155,"column":41},"end":{"line":185,"column":3}}},"9":{"name":"(anonymous_9)","decl":{"start":{"line":187,"column":2},"end":{"line":187,"column":7}},"loc":{"start":{"line":187,"column":41},"end":{"line":220,"column":3}}},"10":{"name":"(anonymous_10)","decl":{"start":{"line":222,"column":2},"end":{"line":222,"column":7}},"loc":{"start":{"line":222,"column":25},"end":{"line":240,"column":3}}},"11":{"name":"(anonymous_11)","decl":{"start":{"line":242,"column":10},"end":{"line":242,"column":29}},"loc":{"start":{"line":242,"column":66},"end":{"line":261,"column":3}}},"12":{"name":"(anonymous_12)","decl":{"start":{"line":243,"column":46},"end":{"line":243,"column":47}},"loc":{"start":{"line":243,"column":74},"end":{"line":245,"column":5}}},"13":{"name":"(anonymous_13)","decl":{"start":{"line":247,"column":44},"end":{"line":247,"column":45}},"loc":{"start":{"line":247,"column":72},"end":{"line":249,"column":5}}}},"branchMap":{"0":{"loc":{"start":{"line":29,"column":21},"end":{"line":29,"column":67}},"type":"binary-expr","locations":[{"start":{"line":29,"column":21},"end":{"line":29,"column":52}},{"start":{"line":29,"column":56},"end":{"line":29,"column":67}}]},"1":{"loc":{"start":{"line":39,"column":4},"end":{"line":43,"column":5}},"type":"if","locations":[{"start":{"line":39,"column":4},"end":{"line":43,"column":5}}]},"2":{"loc":{"start":{"line":45,"column":4},"end":{"line":49,"column":5}},"type":"if","locations":[{"start":{"line":45,"column":4},"end":{"line":49,"column":5}}]},"3":{"loc":{"start":{"line":51,"column":4},"end":{"line":59,"column":5}},"type":"if","locations":[{"start":{"line":51,"column":4},"end":{"line":59,"column":5}}]},"4":{"loc":{"start":{"line":51,"column":8},"end":{"line":51,"column":29}},"type":"binary-expr","locations":[{"start":{"line":51,"column":8},"end":{"line":51,"column":11}},{"start":{"line":51,"column":15},"end":{"line":51,"column":29}}]},"5":{"loc":{"start":{"line":61,"column":4},"end":{"line":68,"column":5}},"type":"if","locations":[{"start":{"line":61,"column":4},"end":{"line":68,"column":5}}]},"6":{"loc":{"start":{"line":70,"column":4},"end":{"line":77,"column":5}},"type":"if","locations":[{"start":{"line":70,"column":4},"end":{"line":77,"column":5}}]},"7":{"loc":{"start":{"line":70,"column":8},"end":{"line":70,"column":41}},"type":"binary-expr","locations":[{"start":{"line":70,"column":8},"end":{"line":70,"column":17}},{"start":{"line":70,"column":21},"end":{"line":70,"column":41}}]},"8":{"loc":{"start":{"line":79,"column":4},"end":{"line":83,"column":5}},"type":"if","locations":[{"start":{"line":79,"column":4},"end":{"line":83,"column":5}}]},"9":{"loc":{"start":{"line":86,"column":6},"end":{"line":88,"column":19}},"type":"cond-expr","locations":[{"start":{"line":87,"column":10},"end":{"line":87,"column":41}},{"start":{"line":88,"column":10},"end":{"line":88,"column":19}}]},"10":{"loc":{"start":{"line":94,"column":8},"end":{"line":96,"column":21}},"type":"cond-expr","locations":[{"start":{"line":95,"column":12},"end":{"line":95,"column":36}},{"start":{"line":96,"column":12},"end":{"line":96,"column":21}}]},"11":{"loc":{"start":{"line":98,"column":8},"end":{"line":100,"column":21}},"type":"cond-expr","locations":[{"start":{"line":99,"column":12},"end":{"line":99,"column":37}},{"start":{"line":100,"column":12},"end":{"line":100,"column":21}}]},"12":{"loc":{"start":{"line":105,"column":4},"end":{"line":105,"column":41}},"type":"if","locations":[{"start":{"line":105,"column":4},"end":{"line":105,"column":41}}]},"13":{"loc":{"start":{"line":105,"column":9},"end":{"line":105,"column":29}},"type":"cond-expr","locations":[{"start":{"line":105,"column":21},"end":{"line":105,"column":23}},{"start":{"line":105,"column":21},"end":{"line":105,"column":29}}]},"14":{"loc":{"start":{"line":105,"column":9},"end":{"line":105,"column":23}},"type":"binary-expr","locations":[{"start":{"line":105,"column":9},"end":{"line":105,"column":23}},{"start":{"line":105,"column":21},"end":{"line":105,"column":23}}]},"15":{"loc":{"start":{"line":124,"column":4},"end":{"line":126,"column":5}},"type":"if","locations":[{"start":{"line":124,"column":4},"end":{"line":126,"column":5}}]},"16":{"loc":{"start":{"line":147,"column":4},"end":{"line":149,"column":5}},"type":"if","locations":[{"start":{"line":147,"column":4},"end":{"line":149,"column":5}}]},"17":{"loc":{"start":{"line":147,"column":8},"end":{"line":147,"column":50}},"type":"binary-expr","locations":[{"start":{"line":147,"column":8},"end":{"line":147,"column":21}},{"start":{"line":147,"column":25},"end":{"line":147,"column":50}}]},"18":{"loc":{"start":{"line":159,"column":15},"end":{"line":159,"column":38}},"type":"cond-expr","locations":[{"start":{"line":159,"column":22},"end":{"line":159,"column":26}},{"start":{"line":159,"column":26},"end":{"line":159,"column":38}}]},"19":{"loc":{"start":{"line":159,"column":15},"end":{"line":159,"column":26}},"type":"binary-expr","locations":[{"start":{"line":159,"column":15},"end":{"line":159,"column":26}},{"start":{"line":159,"column":22},"end":{"line":159,"column":26}}]},"20":{"loc":{"start":{"line":180,"column":4},"end":{"line":182,"column":5}},"type":"if","locations":[{"start":{"line":180,"column":4},"end":{"line":182,"column":5}}]},"21":{"loc":{"start":{"line":215,"column":4},"end":{"line":217,"column":5}},"type":"if","locations":[{"start":{"line":215,"column":4},"end":{"line":217,"column":5}}]},"22":{"loc":{"start":{"line":243,"column":22},"end":{"line":245,"column":19}},"type":"cond-expr","locations":[{"start":{"line":243,"column":40},"end":{"line":243,"column":42}},{"start":{"line":243,"column":40},"end":{"line":245,"column":19}}]},"23":{"loc":{"start":{"line":243,"column":22},"end":{"line":243,"column":42}},"type":"binary-expr","locations":[{"start":{"line":243,"column":22},"end":{"line":243,"column":42}},{"start":{"line":243,"column":40},"end":{"line":243,"column":42}}]},"24":{"loc":{"start":{"line":243,"column":22},"end":{"line":243,"column":40}},"type":"cond-expr","locations":[{"start":{"line":243,"column":37},"end":{"line":243,"column":39}},{"start":{"line":243,"column":37},"end":{"line":243,"column":40}}]},"25":{"loc":{"start":{"line":243,"column":22},"end":{"line":243,"column":39}},"type":"binary-expr","locations":[{"start":{"line":243,"column":22},"end":{"line":243,"column":39}},{"start":{"line":243,"column":37},"end":{"line":243,"column":39}}]},"26":{"loc":{"start":{"line":243,"column":22},"end":{"line":243,"column":37}},"type":"cond-expr","locations":[{"start":{"line":243,"column":26},"end":{"line":243,"column":28}},{"start":{"line":243,"column":22},"end":{"line":243,"column":37}}]},"27":{"loc":{"start":{"line":243,"column":22},"end":{"line":243,"column":28}},"type":"binary-expr","locations":[{"start":{"line":243,"column":22},"end":{"line":243,"column":28}},{"start":{"line":243,"column":22},"end":{"line":243,"column":28}}]},"28":{"loc":{"start":{"line":244,"column":13},"end":{"line":244,"column":51}},"type":"cond-expr","locations":[{"start":{"line":244,"column":25},"end":{"line":244,"column":46}},{"start":{"line":244,"column":49},"end":{"line":244,"column":51}}]},"29":{"loc":{"start":{"line":247,"column":21},"end":{"line":249,"column":20}},"type":"cond-expr","locations":[{"start":{"line":247,"column":38},"end":{"line":247,"column":40}},{"start":{"line":247,"column":38},"end":{"line":249,"column":20}}]},"30":{"loc":{"start":{"line":247,"column":21},"end":{"line":247,"column":40}},"type":"binary-expr","locations":[{"start":{"line":247,"column":21},"end":{"line":247,"column":40}},{"start":{"line":247,"column":38},"end":{"line":247,"column":40}}]},"31":{"loc":{"start":{"line":247,"column":21},"end":{"line":247,"column":38}},"type":"cond-expr","locations":[{"start":{"line":247,"column":35},"end":{"line":247,"column":37}},{"start":{"line":247,"column":35},"end":{"line":247,"column":38}}]},"32":{"loc":{"start":{"line":247,"column":21},"end":{"line":247,"column":37}},"type":"binary-expr","locations":[{"start":{"line":247,"column":21},"end":{"line":247,"column":37}},{"start":{"line":247,"column":35},"end":{"line":247,"column":37}}]},"33":{"loc":{"start":{"line":247,"column":21},"end":{"line":247,"column":35}},"type":"cond-expr","locations":[{"start":{"line":247,"column":25},"end":{"line":247,"column":27}},{"start":{"line":247,"column":21},"end":{"line":247,"column":35}}]},"34":{"loc":{"start":{"line":247,"column":21},"end":{"line":247,"column":27}},"type":"binary-expr","locations":[{"start":{"line":247,"column":21},"end":{"line":247,"column":27}},{"start":{"line":247,"column":21},"end":{"line":247,"column":27}}]},"35":{"loc":{"start":{"line":248,"column":13},"end":{"line":248,"column":51}},"type":"cond-expr","locations":[{"start":{"line":248,"column":25},"end":{"line":248,"column":46}},{"start":{"line":248,"column":49},"end":{"line":248,"column":51}}]},"36":{"loc":{"start":{"line":252,"column":10},"end":{"line":252,"column":30}},"type":"cond-expr","locations":[{"start":{"line":252,"column":17},"end":{"line":252,"column":19}},{"start":{"line":252,"column":17},"end":{"line":252,"column":30}}]},"37":{"loc":{"start":{"line":252,"column":10},"end":{"line":252,"column":19}},"type":"binary-expr","locations":[{"start":{"line":252,"column":10},"end":{"line":252,"column":19}},{"start":{"line":252,"column":17},"end":{"line":252,"column":19}}]},"38":{"loc":{"start":{"line":253,"column":17},"end":{"line":253,"column":44}},"type":"cond-expr","locations":[{"start":{"line":253,"column":31},"end":{"line":253,"column":33}},{"start":{"line":253,"column":31},"end":{"line":253,"column":44}}]},"39":{"loc":{"start":{"line":253,"column":17},"end":{"line":253,"column":33}},"type":"binary-expr","locations":[{"start":{"line":253,"column":17},"end":{"line":253,"column":33}},{"start":{"line":253,"column":31},"end":{"line":253,"column":33}}]},"40":{"loc":{"start":{"line":254,"column":16},"end":{"line":254,"column":42}},"type":"cond-expr","locations":[{"start":{"line":254,"column":29},"end":{"line":254,"column":31}},{"start":{"line":254,"column":29},"end":{"line":254,"column":42}}]},"41":{"loc":{"start":{"line":254,"column":16},"end":{"line":254,"column":31}},"type":"binary-expr","locations":[{"start":{"line":254,"column":16},"end":{"line":254,"column":31}},{"start":{"line":254,"column":29},"end":{"line":254,"column":31}}]},"42":{"loc":{"start":{"line":255,"column":14},"end":{"line":255,"column":46}},"type":"cond-expr","locations":[{"start":{"line":255,"column":25},"end":{"line":255,"column":27}},{"start":{"line":255,"column":25},"end":{"line":255,"column":46}}]},"43":{"loc":{"start":{"line":255,"column":14},"end":{"line":255,"column":27}},"type":"binary-expr","locations":[{"start":{"line":255,"column":14},"end":{"line":255,"column":27}},{"start":{"line":255,"column":25},"end":{"line":255,"column":27}}]},"44":{"loc":{"start":{"line":258,"column":17},"end":{"line":258,"column":46}},"type":"binary-expr","locations":[{"start":{"line":258,"column":17},"end":{"line":258,"column":37}},{"start":{"line":258,"column":41},"end":{"line":258,"column":46}}]},"45":{"loc":{"start":{"line":258,"column":17},"end":{"line":258,"column":37}},"type":"cond-expr","locations":[{"start":{"line":258,"column":31},"end":{"line":258,"column":33}},{"start":{"line":258,"column":31},"end":{"line":258,"column":37}}]},"46":{"loc":{"start":{"line":258,"column":17},"end":{"line":258,"column":33}},"type":"binary-expr","locations":[{"start":{"line":258,"column":17},"end":{"line":258,"column":33}},{"start":{"line":258,"column":31},"end":{"line":258,"column":33}}]},"47":{"loc":{"start":{"line":259,"column":16},"end":{"line":259,"column":42}},"type":"cond-expr","locations":[{"start":{"line":259,"column":29},"end":{"line":259,"column":31}},{"start":{"line":259,"column":29},"end":{"line":259,"column":42}}]},"48":{"loc":{"start":{"line":259,"column":16},"end":{"line":259,"column":31}},"type":"binary-expr","locations":[{"start":{"line":259,"column":16},"end":{"line":259,"column":31}},{"start":{"line":259,"column":29},"end":{"line":259,"column":31}}]}},"s":{"0":2,"1":2,"2":2,"3":14,"4":14,"5":5,"6":5,"7":5,"8":5,"9":5,"10":1,"11":1,"12":1,"13":5,"14":1,"15":1,"16":1,"17":5,"18":1,"19":2,"20":1,"21":1,"22":2,"23":5,"24":1,"25":1,"26":1,"27":1,"28":5,"29":1,"30":1,"31":1,"32":1,"33":1,"34":5,"35":0,"36":0,"37":0,"38":5,"39":5,"40":5,"41":5,"42":0,"43":5,"44":5,"45":5,"46":2,"47":2,"48":2,"49":1,"50":1,"51":1,"52":2,"53":2,"54":2,"55":1,"56":1,"57":1,"58":2,"59":2,"60":2,"61":2,"62":2,"63":2,"64":2,"65":2,"66":2,"67":1,"68":1,"69":2,"70":2,"71":2,"72":2,"73":2,"74":2,"75":2,"76":1,"77":1,"78":1,"79":1,"80":1,"81":1,"82":7,"83":7,"84":7,"85":7,"86":7,"87":2},"f":{"0":14,"1":5,"2":2,"3":2,"4":1,"5":5,"6":2,"7":2,"8":2,"9":2,"10":1,"11":7,"12":7,"13":7},"b":{"0":[14,14],"1":[1],"2":[1],"3":[1],"4":[5,1],"5":[1],"6":[1],"7":[5,1],"8":[0],"9":[5,0],"10":[5,0],"11":[5,0],"12":[0],"13":[0,5],"14":[5,5],"15":[1],"16":[1],"17":[2,1],"18":[1,1],"19":[2,2],"20":[1],"21":[1],"22":[0,7],"23":[7,7],"24":[0,7],"25":[7,7],"26":[0,7],"27":[7,7],"28":[7,0],"29":[0,7],"30":[7,7],"31":[0,7],"32":[7,7],"33":[0,7],"34":[7,7],"35":[7,0],"36":[0,7],"37":[7,7],"38":[5,2],"39":[7,7],"40":[0,7],"41":[7,7],"42":[0,7],"43":[7,7],"44":[7,7],"45":[0,7],"46":[7,7],"47":[0,7],"48":[7,7]}}
,"/home/marcelheinrich/lets-customer-register/src/utils/http-response.ts": {"path":"/home/marcelheinrich/lets-customer-register/src/utils/http-response.ts","statementMap":{"0":{"start":{"line":3,"column":0},"end":{"line":3,"column":16}},"1":{"start":{"line":4,"column":2},"end":{"line":7,"column":4}}},"fnMap":{"0":{"name":"httpResponse","decl":{"start":{"line":3,"column":16},"end":{"line":3,"column":28}},"loc":{"start":{"line":3,"column":70},"end":{"line":8,"column":1}}}},"branchMap":{},"s":{"0":4,"1":12},"f":{"0":12},"b":{}}
}
