TN:
SF:src/domain/enums/customer.enum.ts
FN:1,(anonymous_0)
FNF:1
FNH:1
FNDA:5,(anonymous_0)
DA:1,5
DA:2,5
DA:3,5
LF:3
LH:3
BRDA:1,0,0,5
BRDA:1,0,1,5
BRF:2
BRH:2
end_of_record
TN:
SF:src/domain/enums/http.enum.ts
FN:1,(anonymous_0)
FNF:1
FNH:1
FNDA:4,(anonymous_0)
DA:1,4
DA:2,4
DA:3,4
DA:4,4
DA:5,4
DA:6,4
DA:7,4
LF:7
LH:7
BRDA:1,0,0,4
BRDA:1,0,1,4
BRF:2
BRH:2
end_of_record
TN:
SF:src/domain/services/customer.service.ts
FN:13,(anonymous_0)
FN:15,(anonymous_1)
FN:37,(anonymous_2)
FN:53,(anonymous_3)
FN:69,(anonymous_4)
FN:85,(anonymous_5)
FNF:6
FNH:6
FNDA:12,(anonymous_0)
FNDA:4,(anonymous_1)
FNDA:2,(anonymous_2)
FNDA:2,(anonymous_3)
FNDA:2,(anonymous_4)
FNDA:2,(anonymous_5)
DA:12,1
DA:13,12
DA:18,4
DA:20,4
DA:21,4
DA:23,4
DA:25,3
DA:27,2
DA:29,2
DA:31,2
DA:33,2
DA:38,2
DA:40,2
DA:41,2
DA:43,1
DA:45,1
DA:47,1
DA:49,1
DA:54,2
DA:56,2
DA:57,2
DA:59,1
DA:61,1
DA:63,1
DA:65,1
DA:70,2
DA:72,2
DA:73,2
DA:75,1
DA:77,1
DA:79,1
DA:81,1
DA:86,2
DA:88,2
DA:89,2
DA:91,1
DA:93,1
DA:95,1
LF:38
LH:38
BRDA:23,0,0,1
BRDA:29,1,0,1
BRDA:29,1,1,1
BRDA:29,2,0,2
BRDA:29,2,1,2
BRDA:29,3,0,1
BRDA:29,3,1,1
BRDA:29,4,0,2
BRDA:29,4,1,1
BRF:9
BRH:9
end_of_record
TN:
SF:src/handlers/create.ts
FN:9,(anonymous_0)
FN:11,(anonymous_1)
FNF:2
FNH:2
FNDA:3,(anonymous_0)
FNDA:3,(anonymous_1)
DA:1,1
DA:6,1
DA:8,1
DA:9,3
DA:12,3
DA:14,3
DA:15,3
DA:17,2
DA:19,2
DA:20,1
DA:26,1
DA:28,1
DA:30,1
DA:32,1
DA:37,1
LF:15
LH:15
BRDA:19,0,0,1
BRF:1
BRH:1
end_of_record
TN:
SF:src/handlers/delete.ts
FN:6,(anonymous_0)
FN:8,(anonymous_1)
FNF:2
FNH:2
FNDA:2,(anonymous_0)
FNDA:2,(anonymous_1)
DA:1,1
DA:3,1
DA:5,1
DA:6,2
DA:9,2
DA:11,2
DA:12,2
DA:14,1
DA:16,1
DA:21,1
DA:23,1
LF:11
LH:11
BRF:0
BRH:0
end_of_record
TN:
SF:src/handlers/list.ts
FN:9,(anonymous_0)
FN:11,(anonymous_1)
FNF:2
FNH:2
FNDA:4,(anonymous_0)
FNDA:4,(anonymous_1)
DA:1,1
DA:2,1
DA:8,1
DA:9,4
DA:12,4
DA:13,4
DA:16,4
DA:17,4
DA:19,4
DA:21,4
DA:22,1
DA:28,2
DA:30,2
DA:32,2
DA:34,1
DA:36,1
LF:16
LH:16
BRDA:12,0,0,4
BRDA:13,1,0,3
BRDA:13,1,1,1
BRDA:21,2,0,1
BRF:4
BRH:4
end_of_record
TN:
SF:src/handlers/update.ts
FN:9,(anonymous_0)
FN:11,(anonymous_1)
FNF:2
FNH:2
FNDA:3,(anonymous_0)
FNDA:3,(anonymous_1)
DA:1,1
DA:6,1
DA:8,1
DA:9,3
DA:12,3
DA:14,3
DA:15,3
DA:17,2
DA:19,2
DA:20,1
DA:26,1
DA:28,1
DA:30,1
LF:13
LH:13
BRDA:19,0,0,1
BRF:1
BRH:1
end_of_record
TN:
SF:src/infra/dynamo-customer-repository.ts
FN:28,(anonymous_0)
FN:32,(anonymous_1)
FN:53,(anonymous_2)
FN:56,(anonymous_3)
FN:71,(anonymous_4)
FN:107,(anonymous_5)
FN:114,(anonymous_6)
FN:132,(anonymous_7)
FN:155,(anonymous_8)
FN:187,(anonymous_9)
FN:222,(anonymous_10)
FN:242,(anonymous_11)
FN:243,(anonymous_12)
FN:247,(anonymous_13)
FNF:14
FNH:14
FNDA:14,(anonymous_0)
FNDA:5,(anonymous_1)
FNDA:2,(anonymous_2)
FNDA:2,(anonymous_3)
FNDA:1,(anonymous_4)
FNDA:5,(anonymous_5)
FNDA:2,(anonymous_6)
FNDA:2,(anonymous_7)
FNDA:2,(anonymous_8)
FNDA:2,(anonymous_9)
FNDA:1,(anonymous_10)
FNDA:7,(anonymous_11)
FNDA:7,(anonymous_12)
FNDA:7,(anonymous_13)
DA:1,2
DA:22,2
DA:23,2
DA:25,2
DA:28,14
DA:29,14
DA:33,5
DA:35,5
DA:36,5
DA:37,5
DA:39,5
DA:40,1
DA:41,1
DA:42,1
DA:45,5
DA:46,1
DA:47,1
DA:48,1
DA:51,5
DA:52,1
DA:53,2
DA:55,1
DA:56,1
DA:57,2
DA:61,5
DA:62,1
DA:65,1
DA:66,1
DA:67,1
DA:70,5
DA:71,1
DA:72,1
DA:73,1
DA:74,1
DA:75,1
DA:79,5
DA:80,0
DA:81,0
DA:82,0
DA:86,5
DA:90,5
DA:103,5
DA:105,5
DA:107,5
DA:108,5
DA:111,5
DA:115,2
DA:122,2
DA:124,2
DA:125,1
DA:128,1
DA:129,1
DA:133,2
DA:145,2
DA:147,2
DA:148,1
DA:151,1
DA:152,1
DA:156,2
DA:158,2
DA:159,2
DA:161,2
DA:168,2
DA:174,2
DA:176,2
DA:178,2
DA:180,2
DA:181,1
DA:184,1
DA:188,2
DA:190,2
DA:192,2
DA:209,2
DA:211,2
DA:213,2
DA:215,2
DA:216,1
DA:219,1
DA:223,1
DA:225,1
DA:237,1
DA:239,1
DA:243,7
DA:244,7
DA:247,7
DA:248,7
DA:251,7
LF:87
LH:84
BRDA:29,0,0,14
BRDA:29,0,1,14
BRDA:39,1,0,1
BRDA:45,2,0,1
BRDA:51,3,0,1
BRDA:51,4,0,5
BRDA:51,4,1,1
BRDA:61,5,0,1
BRDA:70,6,0,1
BRDA:70,7,0,5
BRDA:70,7,1,1
BRDA:79,8,0,0
BRDA:86,9,0,5
BRDA:86,9,1,0
BRDA:94,10,0,5
BRDA:94,10,1,0
BRDA:98,11,0,5
BRDA:98,11,1,0
BRDA:105,12,0,0
BRDA:105,13,0,0
BRDA:105,13,1,5
BRDA:105,14,0,5
BRDA:105,14,1,5
BRDA:124,15,0,1
BRDA:147,16,0,1
BRDA:147,17,0,2
BRDA:147,17,1,1
BRDA:159,18,0,1
BRDA:159,18,1,1
BRDA:159,19,0,2
BRDA:159,19,1,2
BRDA:180,20,0,1
BRDA:215,21,0,1
BRDA:243,22,0,0
BRDA:243,22,1,7
BRDA:243,23,0,7
BRDA:243,23,1,7
BRDA:243,24,0,0
BRDA:243,24,1,7
BRDA:243,25,0,7
BRDA:243,25,1,7
BRDA:243,26,0,0
BRDA:243,26,1,7
BRDA:243,27,0,7
BRDA:243,27,1,7
BRDA:244,28,0,7
BRDA:244,28,1,0
BRDA:247,29,0,0
BRDA:247,29,1,7
BRDA:247,30,0,7
BRDA:247,30,1,7
BRDA:247,31,0,0
BRDA:247,31,1,7
BRDA:247,32,0,7
BRDA:247,32,1,7
BRDA:247,33,0,0
BRDA:247,33,1,7
BRDA:247,34,0,7
BRDA:247,34,1,7
BRDA:248,35,0,7
BRDA:248,35,1,0
BRDA:252,36,0,0
BRDA:252,36,1,7
BRDA:252,37,0,7
BRDA:252,37,1,7
BRDA:253,38,0,5
BRDA:253,38,1,2
BRDA:253,39,0,7
BRDA:253,39,1,7
BRDA:254,40,0,0
BRDA:254,40,1,7
BRDA:254,41,0,7
BRDA:254,41,1,7
BRDA:255,42,0,0
BRDA:255,42,1,7
BRDA:255,43,0,7
BRDA:255,43,1,7
BRDA:258,44,0,7
BRDA:258,44,1,7
BRDA:258,45,0,0
BRDA:258,45,1,7
BRDA:258,46,0,7
BRDA:258,46,1,7
BRDA:259,47,0,0
BRDA:259,47,1,7
BRDA:259,48,0,7
BRDA:259,48,1,7
BRF:87
BRH:68
end_of_record
TN:
SF:src/utils/http-response.ts
FN:3,httpResponse
FNF:1
FNH:1
FNDA:12,httpResponse
DA:3,4
DA:4,12
LF:2
LH:2
BRF:0
BRH:0
end_of_record
